Build started 12-07-2024 01:08:45.
     1>Project "C:\Users\user\OneDrive\Desktop\DRDOproject\vs15\UDPConnxlFormView\UDPConnxlFormView\UDPConnxlFormView.vcxproj" on node 2 (Build target(s)).
     1>ClCompile:
         C:\Program Files (x86)\Microsoft Visual Studio 14.0\VC\bin\CL.exe /c /ZI /nologo /W3 /WX- /sdl /Od /Oy- /D WIN32 /D _WINDOWS /D _DEBUG /D _UNICODE /D UNICODE /D _AFXDLL /Gm /EHsc /RTC1 /MDd /GS /fp:precise /Zc:wchar_t /Zc:forScope /Zc:inline /Yc"stdafx.h" /Fp"Debug\UDPConnxlFormView.pch" /Fo"Debug\\" /Fd"Debug\vc140.pdb" /Gd /TP /analyze- /errorReport:prompt stdafx.cpp
         stdafx.cpp
         C:\Program Files (x86)\Microsoft Visual Studio 14.0\VC\bin\CL.exe /c /ZI /nologo /W3 /WX- /sdl /Od /Oy- /D WIN32 /D _WINDOWS /D _DEBUG /D _UNICODE /D UNICODE /D _AFXDLL /Gm /EHsc /RTC1 /MDd /GS /fp:precise /Zc:wchar_t /Zc:forScope /Zc:inline /Yu"stdafx.h" /Fp"Debug\UDPConnxlFormView.pch" /Fo"Debug\\" /Fd"Debug\vc140.pdb" /Gd /TP /analyze- /errorReport:prompt ClassView.cpp FileView.cpp MainFrm.cpp OutputWnd.cpp PropertiesWnd.cpp UDPConnxlFormView.cpp UDPConnxlFormViewDoc.cpp UDPConnxlFormViewView.cpp ViewTree.cpp
         ViewTree.cpp
         UDPConnxlFormViewView.cpp
     1>c:\users\user\onedrive\desktop\drdoproject\vs15\udpconnxlformview\udpconnxlformview\udpconnxlformviewview.cpp(63): warning C4800: 'BOOL': forcing value to bool 'true' or 'false' (performance warning)
     1>c:\users\user\onedrive\desktop\drdoproject\vs15\udpconnxlformview\udpconnxlformview\udpconnxlformviewview.cpp(175): warning C4018: '<': signed/unsigned mismatch
     1>c:\users\user\onedrive\desktop\drdoproject\vs15\udpconnxlformview\udpconnxlformview\udpconnxlformviewview.cpp(294): warning C4018: '>=': signed/unsigned mismatch
     1>c:\users\user\onedrive\desktop\drdoproject\vs15\udpconnxlformview\udpconnxlformview\udpconnxlformviewview.cpp(334): warning C4018: '>=': signed/unsigned mismatch
         UDPConnxlFormViewDoc.cpp
         UDPConnxlFormView.cpp
         PropertiesWnd.cpp
         OutputWnd.cpp
         MainFrm.cpp
         FileView.cpp
         ClassView.cpp
         Generating Code...
       ResourceCompile:
         C:\Program Files (x86)\Windows Kits\8.1\bin\x86\rc.exe /D _DEBUG /D _UNICODE /D UNICODE /D _AFXDLL /l"0x0409" /IDebug\ /nologo /fo"Debug\UDPConnxlFormView.res" UDPConnxlFormView.rc 
       Link:
         C:\Program Files (x86)\Microsoft Visual Studio 14.0\VC\bin\link.exe /ERRORREPORT:PROMPT /OUT:"C:\Users\user\OneDrive\Desktop\DRDOproject\vs15\UDPConnxlFormView\Debug\UDPConnxlFormView.exe" /INCREMENTAL /NOLOGO /MANIFEST /MANIFESTUAC:"level='asInvoker' uiAccess='false'" /manifest:embed /manifestinput:"C:\Program Files (x86)\Microsoft Visual Studio 14.0\VC\Include\Manifest\dpiaware.manifest" /Debug /PDB:"C:\Users\user\OneDrive\Desktop\DRDOproject\vs15\UDPConnxlFormView\Debug\UDPConnxlFormView.pdb" /SUBSYSTEM:WINDOWS /TLBID:1 /ENTRY:"wWinMainCRTStartup" /DYNAMICBASE /NXCOMPAT /IMPLIB:"C:\Users\user\OneDrive\Desktop\DRDOproject\vs15\UDPConnxlFormView\Debug\UDPConnxlFormView.lib" /MACHINE:X86 Debug\UDPConnxlFormView.res
         Debug\ClassView.obj
         Debug\FileView.obj
         Debug\MainFrm.obj
         Debug\OutputWnd.obj
         Debug\PropertiesWnd.obj
         Debug\stdafx.obj
         Debug\UDPConnxlFormView.obj
         Debug\UDPConnxlFormViewDoc.obj
         Debug\UDPConnxlFormViewView.obj
         Debug\ViewTree.obj
         UDPConnxlFormView.vcxproj -> C:\Users\user\OneDrive\Desktop\DRDOproject\vs15\UDPConnxlFormView\Debug\UDPConnxlFormView.exe
     1>Done Building Project "C:\Users\user\OneDrive\Desktop\DRDOproject\vs15\UDPConnxlFormView\UDPConnxlFormView\UDPConnxlFormView.vcxproj" (Build target(s)).

Build succeeded.

Time Elapsed 00:00:10.14
